<?xml version="1.0" encoding="UTF-8"?>
<testng-results ignored="0" total="1" passed="1" failed="0" skipped="0">
  <reporter-output>
  </reporter-output>
  <suite started-at="2025-07-30T23:22:33 IST" name="Default suite" finished-at="2025-07-30T23:24:39 IST" duration-ms="125682">
    <groups>
    </groups>
    <test started-at="2025-07-30T23:22:33 IST" name="Default test" finished-at="2025-07-30T23:24:39 IST" duration-ms="125682">
      <class name="dp.tests.ProperTest">
        <test-method is-config="true" signature="initializeDriverAndLaunchApp()[pri:0, instance:dp.tests.ProperTest@130c12b7]" started-at="2025-07-30T23:22:33 IST" name="initializeDriverAndLaunchApp" finished-at="2025-07-30T23:24:27 IST" duration-ms="113844" status="PASS">
          <reporter-output>
          </reporter-output>
        </test-method> <!-- initializeDriverAndLaunchApp -->
        <test-method signature="registerNewUser()[pri:0, instance:dp.tests.ProperTest@130c12b7]" started-at="2025-07-30T23:24:27 IST" name="registerNewUser" finished-at="2025-07-30T23:24:39 IST" duration-ms="11465" status="PASS">
          <reporter-output>
          </reporter-output>
        </test-method> <!-- registerNewUser -->
        <test-method is-config="true" signature="TearDown()[pri:0, instance:dp.tests.ProperTest@130c12b7]" started-at="2025-07-30T23:24:39 IST" name="TearDown" finished-at="2025-07-30T23:24:39 IST" duration-ms="336" status="PASS">
          <reporter-output>
          </reporter-output>
        </test-method> <!-- TearDown -->
      </class> <!-- dp.tests.ProperTest -->
    </test> <!-- Default test -->
  </suite> <!-- Default suite -->
</testng-results>
